<?xml version="1.0" encoding="UTF-8"?>
<!-- Generated by org.testng.reporters.JUnitReportReporter -->
<testsuite hostname="Mosscow.local" failures="0" tests="1" name="com.nopcommerce.user.NopCommerce_Wishlist_Compare" time="8.022" errors="0" timestamp="24 Oct 2022 15:39:52 GMT" skipped="0">
  <testcase classname="com.nopcommerce.user.NopCommerce_Wishlist_Compare" name="TC_01_Add_To_Wishlist" time="8.022"/>
</testsuite> <!-- com.nopcommerce.user.NopCommerce_Wishlist_Compare -->
